<?xml version="1.0" encoding="UTF-8"?>
<testng-results skipped="0" failed="0" ignored="0" total="1" passed="1">
  <reporter-output>
  </reporter-output>
  <suite name="Default suite" duration-ms="34" started-at="2022-11-04T09:45:49Z" finished-at="2022-11-04T09:45:49Z">
    <groups>
    </groups>
    <test name="Default test" duration-ms="34" started-at="2022-11-04T09:45:49Z" finished-at="2022-11-04T09:45:49Z">
      <class name="org.basictng.BasicTestngg">
        <test-method status="PASS" signature="beforeClass()[pri:0, instance:org.basictng.BasicTestngg@4dfa3a9d]" name="beforeClass" is-config="true" duration-ms="0" started-at="2022-11-04T09:45:49Z" finished-at="2022-11-04T09:45:49Z">
          <reporter-output>
          </reporter-output>
        </test-method> <!-- beforeClass -->
        <test-method status="PASS" signature="test()[pri:0, instance:org.basictng.BasicTestngg@4dfa3a9d]" name="test" duration-ms="0" started-at="2022-11-04T09:45:49Z" finished-at="2022-11-04T09:45:49Z">
          <reporter-output>
          </reporter-output>
        </test-method> <!-- test -->
      </class> <!-- org.basictng.BasicTestngg -->
    </test> <!-- Default test -->
  </suite> <!-- Default suite -->
</testng-results>
